[2017-11-21 15:02:09] slim-app.INFO: Route /breeds [] {"uid":"6744e65"}
[2017-11-21 15:02:13] slim-app.INFO: Route / [] {"uid":"142da99"}
[2017-11-21 15:02:23] slim-app.INFO: Route /goats [] {"uid":"f4adfd7"}
[2017-11-21 15:02:24] slim-app.INFO: Route / [] {"uid":"286d4b6"}
[2017-11-21 15:02:34] slim-app.INFO: Route /goats [] {"uid":"fea498a"}
[2017-11-21 15:02:34] slim-app.INFO: Route / [] {"uid":"7a3061f"}
[2017-11-21 15:02:41] slim-app.INFO: Route /goats [] {"uid":"b22cfb6"}
[2017-11-21 15:03:30] slim-app.INFO: Route /breeds/{id} [] {"uid":"a1eff25"}
[2017-11-21 15:03:36] slim-app.INFO: Route /breeds/{id} [] {"uid":"fe1fa75"}
[2017-11-21 15:03:36] slim-app.INFO: Route / [] {"uid":"2dbe033"}
[2017-11-21 15:03:43] slim-app.INFO: Route /goats [] {"uid":"30d9fa9"}
[2017-11-21 15:03:43] slim-app.INFO: Route / [] {"uid":"1cf73fe"}
[2017-11-21 15:03:49] slim-app.INFO: Route /goats [] {"uid":"ccc43f2"}
[2017-11-21 15:13:55] slim-app.INFO: Route /breeds [] {"uid":"ea02876"}
[2017-11-21 15:13:55] slim-app.INFO: Route / [] {"uid":"8829029"}
[2017-11-21 15:13:55] slim-app.INFO: Route / [] {"uid":"b97aefc"}
[2017-11-21 15:14:01] slim-app.INFO: Route /goats [] {"uid":"beb4bc7"}
[2017-11-21 15:14:08] slim-app.INFO: Route /goats [] {"uid":"f565e8c"}
[2017-11-21 15:14:08] slim-app.INFO: Route / [] {"uid":"36c8ba6"}
[2017-11-21 15:14:14] slim-app.INFO: Route /goats [] {"uid":"95eb770"}
[2017-11-21 15:18:24] slim-app.INFO: Route /goats [] {"uid":"8b8413b"}
[2017-11-21 15:18:24] slim-app.INFO: Route / [] {"uid":"e97df1f"}
[2017-11-21 15:18:30] slim-app.INFO: Route /goats [] {"uid":"58f79e3"}
[2017-11-21 15:18:31] slim-app.INFO: Route / [] {"uid":"699ff2d"}
[2017-11-21 15:18:37] slim-app.INFO: Route /goats [] {"uid":"0631f88"}
[2017-11-21 15:18:46] slim-app.INFO: Route /goats/{id} [] {"uid":"831de57"}
[2017-11-21 15:18:46] slim-app.INFO: Route / [] {"uid":"e1175f7"}
[2017-11-21 15:18:53] slim-app.INFO: Route /goats [] {"uid":"e1710ce"}
[2017-11-21 15:18:53] slim-app.INFO: Route / [] {"uid":"67173f1"}
[2017-11-21 15:19:00] slim-app.INFO: Route /goats [] {"uid":"7157705"}
[2017-11-21 15:30:40] slim-app.INFO: Route /goats/{id} [] {"uid":"269a585"}
[2017-11-21 15:30:40] slim-app.INFO: Route / [] {"uid":"4de18c2"}
[2017-11-21 15:30:46] slim-app.INFO: Route /goats [] {"uid":"e6e9529"}
[2017-11-21 15:30:46] slim-app.INFO: Route / [] {"uid":"161362c"}
[2017-11-21 15:30:53] slim-app.INFO: Route /goats [] {"uid":"4ff18e1"}
[2017-11-21 15:31:04] slim-app.INFO: Route /goats/search - post [] {"uid":"0c8a10d"}
[2017-11-21 15:31:04] slim-app.INFO: Route / [] {"uid":"c09fd2e"}
[2017-11-21 15:31:11] slim-app.INFO: Route /goats [] {"uid":"9717049"}
[2017-11-21 15:32:12] slim-app.INFO: Route /goats/{id} [] {"uid":"a4ac515"}
[2017-11-21 15:32:12] slim-app.INFO: Route / [] {"uid":"9dc22c3"}
[2017-11-21 15:32:18] slim-app.INFO: Route /goats [] {"uid":"29be4e6"}
[2017-11-21 15:32:25] slim-app.INFO: Route /goats/search - post [] {"uid":"882663e"}
[2017-11-21 15:32:25] slim-app.INFO: Route / [] {"uid":"a1898c6"}
[2017-11-21 15:32:31] slim-app.INFO: Route /goats [] {"uid":"add7ad2"}
[2017-11-21 15:32:31] slim-app.INFO: Route / [] {"uid":"d6e747d"}
[2017-11-21 15:32:37] slim-app.INFO: Route /goats [] {"uid":"c4d183e"}
[2017-11-21 15:33:00] slim-app.INFO: Route /goats [] {"uid":"ad63013"}
[2017-11-21 15:33:00] slim-app.INFO: Route / [] {"uid":"5860fd5"}
[2017-11-21 15:33:07] slim-app.INFO: Route /goats [] {"uid":"b595034"}
[2017-11-21 15:33:07] slim-app.INFO: Route / [] {"uid":"396b2b9"}
[2017-11-21 15:33:14] slim-app.INFO: Route /goats [] {"uid":"7a3210a"}
[2017-11-21 15:33:24] slim-app.INFO: Route /goats/{id} [] {"uid":"390672a"}
[2017-11-21 15:33:24] slim-app.INFO: Route / [] {"uid":"dbdff78"}
[2017-11-21 15:33:31] slim-app.INFO: Route /goats [] {"uid":"17e3926"}
[2017-11-21 15:33:31] slim-app.INFO: Route / [] {"uid":"e82acce"}
[2017-11-21 15:33:37] slim-app.INFO: Route /goats [] {"uid":"f10f16b"}
[2017-11-21 15:33:59] slim-app.INFO: Route /goats/search - post [] {"uid":"6742ef5"}
[2017-11-21 15:33:59] slim-app.INFO: Route / [] {"uid":"97e3607"}
[2017-11-21 15:34:05] slim-app.INFO: Route /goats [] {"uid":"fef47ff"}
[2017-11-21 15:34:05] slim-app.INFO: Route / [] {"uid":"7b52e17"}
[2017-11-21 15:34:12] slim-app.INFO: Route /goats [] {"uid":"9954584"}
[2017-11-21 15:35:59] slim-app.INFO: Route /goats/search - post [] {"uid":"506297e"}
[2017-11-21 15:35:59] slim-app.INFO: Route / [] {"uid":"dc4e5d3"}
[2017-11-21 15:36:06] slim-app.INFO: Route /goats [] {"uid":"6a5bb0e"}
[2017-11-21 15:41:04] slim-app.INFO: Route /goats/{id} [] {"uid":"791de11"}
[2017-11-21 15:41:04] slim-app.INFO: Route / [] {"uid":"300abe8"}
[2017-11-21 15:41:10] slim-app.INFO: Route /goats [] {"uid":"23d679f"}
[2017-11-21 15:41:11] slim-app.INFO: Route / [] {"uid":"c642d94"}
[2017-11-21 15:41:17] slim-app.INFO: Route /goats [] {"uid":"2f96d67"}
[2017-11-21 15:41:22] slim-app.INFO: Route /goats/search - post [] {"uid":"59edb55"}
[2017-11-21 15:41:22] slim-app.INFO: Route / [] {"uid":"381ab35"}
[2017-11-21 15:41:28] slim-app.INFO: Route /goats [] {"uid":"72d1f91"}
[2017-11-21 15:43:15] slim-app.INFO: Route /goats [] {"uid":"c67fc64"}
[2017-11-21 15:43:15] slim-app.INFO: Route / [] {"uid":"21705ce"}
[2017-11-21 15:43:21] slim-app.INFO: Route /goats [] {"uid":"938a4b6"}
[2017-11-21 15:43:21] slim-app.INFO: Route / [] {"uid":"b0acbe3"}
[2017-11-21 15:43:27] slim-app.INFO: Route /goats [] {"uid":"e01934c"}
[2017-11-21 15:44:50] slim-app.INFO: Route /goats/search - post [] {"uid":"1a4a84b"}
[2017-11-21 15:44:50] slim-app.INFO: Route / [] {"uid":"ff39afc"}
[2017-11-21 15:44:56] slim-app.INFO: Route /goats [] {"uid":"ab6dedb"}
[2017-11-21 15:46:08] slim-app.INFO: Route /goats [] {"uid":"8706031"}
[2017-11-21 15:46:08] slim-app.INFO: Route / [] {"uid":"13e434f"}
[2017-11-21 15:46:14] slim-app.INFO: Route /goats [] {"uid":"f54bbbe"}
[2017-11-21 15:46:24] slim-app.INFO: Route /goats/search - post [] {"uid":"d2fc053"}
[2017-11-21 15:46:24] slim-app.INFO: Route / [] {"uid":"0f7bfec"}
[2017-11-21 15:46:30] slim-app.INFO: Route /goats [] {"uid":"9ad4f7a"}
[2017-11-21 15:46:50] slim-app.INFO: Route /goats [] {"uid":"a0ee7c0"}
[2017-11-21 15:46:51] slim-app.INFO: Route / [] {"uid":"cedca8b"}
[2017-11-21 15:46:57] slim-app.INFO: Route /goats [] {"uid":"c0734bc"}
[2017-11-21 15:47:07] slim-app.INFO: Route /goats/search - post [] {"uid":"00fbbae"}
[2017-11-21 15:47:07] slim-app.INFO: Route / [] {"uid":"10e6b10"}
[2017-11-21 15:47:13] slim-app.INFO: Route /goats [] {"uid":"1cf198d"}
[2017-11-21 15:47:13] slim-app.INFO: Route / [] {"uid":"76f5af7"}
[2017-11-21 15:47:19] slim-app.INFO: Route /goats [] {"uid":"3fccac1"}
[2017-11-21 15:47:56] slim-app.INFO: Route /goats [] {"uid":"80da42a"}
[2017-11-21 15:47:56] slim-app.INFO: Route / [] {"uid":"5ea6c32"}
[2017-11-21 15:48:02] slim-app.INFO: Route /goats [] {"uid":"06fe37f"}
[2017-11-21 15:48:02] slim-app.INFO: Route / [] {"uid":"03161c5"}
[2017-11-21 15:48:08] slim-app.INFO: Route /goats [] {"uid":"6303a49"}
[2017-11-21 15:51:22] slim-app.INFO: Route /goats/search - post [] {"uid":"74165da"}
[2017-11-21 15:51:22] slim-app.INFO: Route / [] {"uid":"cd639b9"}
[2017-11-21 15:51:29] slim-app.INFO: Route /goats [] {"uid":"8da5c6e"}
[2017-11-21 15:51:29] slim-app.INFO: Route / [] {"uid":"15abcee"}
[2017-11-21 15:51:35] slim-app.INFO: Route /goats [] {"uid":"0a6f17c"}
[2017-11-21 15:52:39] slim-app.INFO: Route /goats [] {"uid":"2e9a7d5"}
[2017-11-21 15:52:40] slim-app.INFO: Route / [] {"uid":"4c31f2d"}
[2017-11-21 15:52:46] slim-app.INFO: Route /goats [] {"uid":"33bf119"}
[2017-11-21 15:52:46] slim-app.INFO: Route / [] {"uid":"59f9608"}
[2017-11-21 15:52:52] slim-app.INFO: Route /goats [] {"uid":"3ed7b61"}
[2017-11-21 15:52:58] slim-app.INFO: Route /goats/search - post [] {"uid":"d2f5fa5"}
[2017-11-21 15:52:58] slim-app.INFO: Route / [] {"uid":"b677850"}
[2017-11-21 15:53:04] slim-app.INFO: Route /goats [] {"uid":"da21f81"}
[2017-11-21 15:53:04] slim-app.INFO: Route / [] {"uid":"fd5e34d"}
[2017-11-21 15:53:10] slim-app.INFO: Route /goats [] {"uid":"89d4230"}
[2017-11-21 15:54:34] slim-app.INFO: Route /goats/search - post [] {"uid":"e455d5f"}
[2017-11-21 15:54:34] slim-app.INFO: Route / [] {"uid":"54d27b6"}
[2017-11-21 15:54:40] slim-app.INFO: Route /goats [] {"uid":"e93f404"}
[2017-11-21 15:54:40] slim-app.INFO: Route / [] {"uid":"ef2e2d3"}
[2017-11-21 15:54:46] slim-app.INFO: Route /goats [] {"uid":"e2847cc"}
[2017-11-21 15:54:52] slim-app.INFO: Route /goats/search - post [] {"uid":"d006e9a"}
[2017-11-21 15:54:52] slim-app.INFO: Route / [] {"uid":"1901a7b"}
[2017-11-21 15:54:58] slim-app.INFO: Route /goats [] {"uid":"d4c5ad2"}
[2017-11-21 15:54:58] slim-app.INFO: Route / [] {"uid":"f3c0523"}
[2017-11-21 15:55:05] slim-app.INFO: Route /goats [] {"uid":"a19a825"}
[2017-11-21 15:55:25] slim-app.INFO: Route /goats/search - post [] {"uid":"e479734"}
[2017-11-21 15:55:25] slim-app.INFO: Route / [] {"uid":"1872aa7"}
[2017-11-21 15:55:31] slim-app.INFO: Route /goats [] {"uid":"de63101"}
[2017-11-21 15:55:31] slim-app.INFO: Route / [] {"uid":"438c65e"}
[2017-11-21 15:55:37] slim-app.INFO: Route /goats [] {"uid":"2deffd2"}
